{"level":"info","message":{"ip":"::1","method":"POST","time":"2026-04-19T19:46:14.022Z","url":"/api/auth/refresh"}}
{"code":"AUTH_INVALID_REFRESH_TOKEN","level":"error","message":"No refresh token","method":"POST","status":401,"time":"2026-04-19T19:46:14.023Z","url":"/api/auth/refresh"}
{"level":"info","message":{"ip":"::1","method":"POST","time":"2026-04-19T19:46:29.954Z","url":"/api/auth/login"}}
{"code":"VALIDATION_ERROR","level":"error","message":"Validation error","method":"POST","status":400,"time":"2026-04-19T19:46:29.955Z","url":"/api/auth/login"}
{"level":"info","message":{"ip":"::1","method":"POST","time":"2026-04-19T19:46:41.971Z","url":"/api/auth/login"}}
{"code":"AUTH_INVALID_PASSWORD","level":"error","message":"Wrong password","method":"POST","status":401,"time":"2026-04-19T19:46:42.056Z","url":"/api/auth/login"}
{"level":"info","message":{"ip":"::1","method":"POST","time":"2026-04-19T19:46:53.758Z","url":"/api/auth/login"}}
{"code":"VALIDATION_ERROR","level":"error","message":"Validation error","method":"POST","status":400,"time":"2026-04-19T19:46:53.759Z","url":"/api/auth/login"}
{"level":"info","message":{"ip":"::1","method":"POST","time":"2026-04-19T19:47:03.210Z","url":"/api/auth/login"}}
{"code":"VALIDATION_ERROR","level":"error","message":"Validation error","method":"POST","status":400,"time":"2026-04-19T19:47:03.210Z","url":"/api/auth/login"}
{"level":"info","message":{"ip":"::1","method":"POST","time":"2026-04-19T19:47:09.350Z","url":"/api/auth/register"}}
{"code":"VALIDATION_ERROR","level":"error","message":"Validation error","method":"POST","status":400,"time":"2026-04-19T19:47:09.351Z","url":"/api/auth/register"}
{"level":"info","message":{"ip":"::1","method":"POST","time":"2026-04-19T19:47:14.019Z","url":"/api/auth/register"}}
{"code":"AUTH_USER_EXISTS","level":"error","message":"User already exists","method":"POST","status":409,"time":"2026-04-19T19:47:14.021Z","url":"/api/auth/register"}
{"level":"info","message":{"ip":"::1","method":"POST","time":"2026-04-19T19:53:56.047Z","url":"/api/auth/refresh"}}
{"code":"AUTH_INVALID_REFRESH_TOKEN","level":"error","message":"No refresh token","method":"POST","status":401,"time":"2026-04-19T19:53:56.048Z","url":"/api/auth/refresh"}
{"level":"info","message":{"ip":"::1","method":"POST","time":"2026-04-19T19:54:29.544Z","url":"/api/auth/refresh"}}
{"code":"AUTH_INVALID_REFRESH_TOKEN","level":"error","message":"No refresh token","method":"POST","status":401,"time":"2026-04-19T19:54:29.545Z","url":"/api/auth/refresh"}
{"level":"info","message":{"ip":"::1","method":"POST","time":"2026-04-19T19:54:46.191Z","url":"/api/auth/refresh"}}
{"code":"AUTH_INVALID_REFRESH_TOKEN","level":"error","message":"No refresh token","method":"POST","status":401,"time":"2026-04-19T19:54:46.192Z","url":"/api/auth/refresh"}
{"level":"info","message":{"ip":"::1","method":"POST","time":"2026-04-19T19:59:58.051Z","url":"/api/auth/refresh"}}
{"code":"AUTH_INVALID_REFRESH_TOKEN","level":"error","message":"No refresh token","method":"POST","status":401,"time":"2026-04-19T19:59:58.052Z","url":"/api/auth/refresh"}
{"level":"info","message":{"ip":"::1","method":"POST","time":"2026-04-19T20:00:00.891Z","url":"/api/auth/refresh"}}
{"code":"AUTH_INVALID_REFRESH_TOKEN","level":"error","message":"No refresh token","method":"POST","status":401,"time":"2026-04-19T20:00:00.891Z","url":"/api/auth/refresh"}
{"level":"info","message":{"ip":"::1","method":"POST","time":"2026-04-19T20:00:04.875Z","url":"/api/auth/register"}}
{"code":"VALIDATION_ERROR","level":"error","message":"Validation error","method":"POST","status":400,"time":"2026-04-19T20:00:04.875Z","url":"/api/auth/register"}
{"level":"info","message":{"ip":"::1","method":"POST","time":"2026-04-19T20:00:46.047Z","url":"/api/auth/refresh"}}
{"code":"AUTH_INVALID_REFRESH_TOKEN","level":"error","message":"No refresh token","method":"POST","status":401,"time":"2026-04-19T20:00:46.048Z","url":"/api/auth/refresh"}
{"level":"info","message":{"ip":"::1","method":"POST","time":"2026-04-19T20:00:53.286Z","url":"/api/auth/register"}}
{"code":"AUTH_USER_EXISTS","level":"error","message":"User already exists","method":"POST","status":409,"time":"2026-04-19T20:00:53.288Z","url":"/api/auth/register"}
{"level":"info","message":{"ip":"::1","method":"POST","time":"2026-04-19T20:01:01.287Z","url":"/api/auth/login"}}
{"level":"info","message":{"ip":"::1","method":"POST","time":"2026-04-19T20:01:05.154Z","url":"/api/auth/logout"}}
{"level":"info","message":{"ip":"::1","method":"POST","time":"2026-04-19T20:14:06.526Z","url":"/api/auth/refresh"}}
{"code":"AUTH_SESSION_EXPIRED","level":"error","message":"Session expired","method":"POST","status":401,"time":"2026-04-19T20:14:06.535Z","url":"/api/auth/refresh"}
{"level":"info","message":{"ip":"::1","method":"POST","time":"2026-04-19T20:14:10.504Z","url":"/api/auth/login"}}
{"code":"VALIDATION_ERROR","level":"error","message":"Validation error","method":"POST","status":400,"time":"2026-04-19T20:14:10.508Z","url":"/api/auth/login"}
{"level":"info","message":{"ip":"::1","method":"POST","time":"2026-04-19T20:14:18.234Z","url":"/api/auth/login"}}
{"code":"AUTH_INVALID_PASSWORD","level":"error","message":"Wrong password","method":"POST","status":401,"time":"2026-04-19T20:14:18.460Z","url":"/api/auth/login"}
{"level":"info","message":{"ip":"::1","method":"POST","time":"2026-04-19T20:14:18.464Z","url":"/api/auth/refresh"}}
{"code":"AUTH_SESSION_EXPIRED","level":"error","message":"Session expired","method":"POST","status":401,"time":"2026-04-19T20:14:18.464Z","url":"/api/auth/refresh"}
{"level":"info","message":{"ip":"::1","method":"POST","time":"2026-04-19T20:14:53.397Z","url":"/api/auth/login"}}
{"code":"AUTH_INVALID_PASSWORD","level":"error","message":"Wrong password","method":"POST","status":401,"time":"2026-04-19T20:14:53.482Z","url":"/api/auth/login"}
{"level":"info","message":{"ip":"::1","method":"POST","time":"2026-04-19T20:14:53.486Z","url":"/api/auth/refresh"}}
{"code":"AUTH_SESSION_EXPIRED","level":"error","message":"Session expired","method":"POST","status":401,"time":"2026-04-19T20:14:53.486Z","url":"/api/auth/refresh"}
{"level":"info","message":{"ip":"::1","method":"POST","time":"2026-04-19T20:15:03.646Z","url":"/api/auth/login"}}
{"level":"info","message":{"ip":"::1","method":"POST","time":"2026-04-19T20:15:07.463Z","url":"/api/auth/logout"}}
{"level":"info","message":{"ip":"::1","method":"POST","time":"2026-04-19T20:15:12.729Z","url":"/api/auth/login"}}
{"level":"info","message":{"ip":"::1","method":"POST","time":"2026-04-19T20:15:15.483Z","url":"/api/auth/logout"}}
{"level":"info","message":{"ip":"::1","method":"POST","time":"2026-04-19T20:17:17.042Z","url":"/api/auth/refresh"}}
{"code":"AUTH_SESSION_EXPIRED","level":"error","message":"Session expired","method":"POST","status":401,"time":"2026-04-19T20:17:17.042Z","url":"/api/auth/refresh"}
