{"code":"AUTH_SESSION_EXPIRED","level":"error","message":"Session expired","method":"POST","requestId":"8d5d2690-8635-4500-a484-7cdf507767f8","status":401,"time":"2026-04-21T06:42:11.129Z","type":"ERROR","url":"/api/auth/refresh"}
{"code":"AUTH_SESSION_EXPIRED","level":"error","message":"Session expired","method":"POST","requestId":"b0d65c82-5aa1-4163-9133-7a541bce1ce1","status":401,"time":"2026-04-21T07:02:18.452Z","type":"ERROR","url":"/api/auth/refresh"}
{"code":"AUTH_SESSION_EXPIRED","level":"error","message":"Session expired","method":"POST","requestId":"c52ead45-8e03-4664-a71a-7775a1705876","status":401,"time":"2026-04-21T07:26:34.621Z","type":"ERROR","url":"/api/auth/refresh"}
{"code":"AUTH_NO_TOKEN","level":"error","message":"No token","method":"GET","requestId":"93786d04-1ccf-4d65-9c28-640e0d0b0213","status":401,"time":"2026-04-21T07:59:08.744Z","type":"ERROR","url":"/api/user/me"}
{"code":"AUTH_NO_TOKEN","level":"error","message":"No token","method":"GET","requestId":"b2116b78-dbd6-4e53-994a-db06e6f58257","status":401,"time":"2026-04-21T08:03:14.568Z","type":"ERROR","url":"/api/user/me"}
{"code":"AUTH_NO_TOKEN","level":"error","message":"No token","method":"GET","requestId":"37dcb9ef-099d-413d-9a08-e15a1f4f0c92","status":401,"time":"2026-04-21T08:08:01.534Z","type":"ERROR","url":"/api/user/me"}
{"code":"AUTH_NO_TOKEN","level":"error","message":"No token","method":"GET","requestId":"e1c9728d-16f9-41db-a1e1-24e9f10c525a","status":401,"time":"2026-04-21T08:08:09.676Z","type":"ERROR","url":"/api/user/me"}
{"code":"AUTH_NO_TOKEN","level":"error","message":"No token","method":"GET","requestId":"06080055-7666-4bfc-b2e0-acacd5293c51","status":401,"time":"2026-04-21T08:18:52.637Z","type":"ERROR","url":"/api/user/me"}
{"code":"AUTH_NO_TOKEN","level":"error","message":"No token","method":"GET","requestId":"d66bb62b-f2c8-497a-bcf4-6614e0c0fb81","status":401,"time":"2026-04-21T08:19:00.471Z","type":"ERROR","url":"/api/user/me"}
{"level":"error","message":"Cannot read properties of undefined (reading 'map')","method":"PATCH","requestId":"d033de9d-5bd9-4950-acf2-d2d45d39f4a0","status":500,"time":"2026-04-21T08:19:55.951Z","type":"ERROR","url":"/api/user/profile"}
{"code":"AUTH_NO_TOKEN","level":"error","message":"No token","method":"GET","requestId":"29d8c025-9f05-4a2f-8846-6f2fc94cba12","status":401,"time":"2026-04-21T08:20:29.776Z","type":"ERROR","url":"/api/user/me"}
{"code":"AUTH_NO_TOKEN","level":"error","message":"No token","method":"GET","requestId":"f05a857a-0fff-4796-9eba-69d12cce0cfd","status":401,"time":"2026-04-21T08:20:45.629Z","type":"ERROR","url":"/api/user/me"}
{"code":"AUTH_NO_TOKEN","level":"error","message":"No token","method":"GET","requestId":"88ff5d91-8f35-47f7-8889-4970bc056deb","status":401,"time":"2026-04-21T08:21:20.488Z","type":"ERROR","url":"/api/user/me"}
{"code":"AUTH_NO_TOKEN","level":"error","message":"No token","method":"GET","requestId":"f90cfa51-d929-4fa7-a4a7-73a82fe9462a","status":401,"time":"2026-04-21T08:21:26.685Z","type":"ERROR","url":"/api/user/me"}
{"level":"error","message":"Cannot read properties of undefined (reading 'map')","method":"POST","requestId":"4c827ad1-a251-49cd-bf9f-20518504747b","status":500,"time":"2026-04-21T08:22:20.553Z","type":"ERROR","url":"/api/auth/login"}
{"code":"AUTH_INVALID_PASSWORD","level":"error","message":"Wrong password","method":"POST","requestId":"91824905-4c34-411a-98ab-022ef6fe1f9f","status":401,"time":"2026-04-21T08:45:12.759Z","type":"ERROR","url":"/api/auth/login"}
{"code":"AUTH_USER_NOT_FOUND","level":"error","message":"User not found","method":"POST","requestId":"f7cbb8db-e8ef-487d-8d42-f890850d90be","status":404,"time":"2026-04-21T08:45:48.850Z","type":"ERROR","url":"/api/auth/login"}
{"level":"error","message":"Cannot read properties of undefined (reading 'map')","method":"PATCH","requestId":"a2201274-15a5-4bf5-892e-04ddc7062d75","status":500,"time":"2026-04-21T09:45:51.725Z","type":"ERROR","url":"/api/user/password"}
{"code":"AUTH_INVALID_PASSWORD","level":"error","message":"Wrong password","method":"PATCH","requestId":"858b92cd-6df1-45bf-b014-c4df5e5d8453","status":401,"time":"2026-04-21T09:46:19.099Z","type":"ERROR","url":"/api/user/password"}
{"level":"error","message":"Cannot read properties of undefined (reading 'map')","method":"PATCH","requestId":"49debc9b-8d1f-4b67-99f0-30a80c8189b7","status":500,"time":"2026-04-21T09:46:30.419Z","type":"ERROR","url":"/api/user/password"}
{"level":"error","message":"Cannot read properties of undefined (reading 'map')","method":"PATCH","requestId":"044e2826-d462-4fe9-b07c-8182249db034","status":500,"time":"2026-04-21T09:47:31.610Z","type":"ERROR","url":"/api/user/profile"}
{"level":"error","message":"Cannot read properties of undefined (reading 'map')","method":"PATCH","requestId":"531436a6-3ccc-4ff9-87cf-685d2b120f5b","status":500,"time":"2026-04-21T09:53:26.001Z","type":"ERROR","url":"/api/user/profile"}
{"code":"VALIDATION_ERROR","level":"error","message":"Validation error","method":"PATCH","requestId":"9569fec2-bb13-43ca-bb1e-721c4db265c9","status":400,"time":"2026-04-21T09:56:44.302Z","type":"ERROR","url":"/api/user/profile"}
{"code":"VALIDATION_ERROR","level":"error","message":"Validation error","method":"PATCH","requestId":"1570c131-b507-4e0a-933b-0f25c3ebaf97","status":400,"time":"2026-04-21T09:56:55.969Z","type":"ERROR","url":"/api/user/profile"}
{"code":"VALIDATION_ERROR","level":"error","message":"Validation error","method":"PATCH","requestId":"54636f22-c800-466f-8029-9cab0260ddf6","status":400,"time":"2026-04-21T09:57:13.124Z","type":"ERROR","url":"/api/user/password"}
{"code":"VALIDATION_ERROR","level":"error","message":"Validation error","method":"PATCH","requestId":"da14be6a-8565-4c93-b52e-105cf4e3f7d9","status":400,"time":"2026-04-21T09:57:18.953Z","type":"ERROR","url":"/api/user/email"}
{"code":"VALIDATION_ERROR","level":"error","message":"Validation error","method":"POST","requestId":"7e8a9432-d491-472c-83d3-8deab1ab37ff","status":400,"time":"2026-04-21T09:58:23.614Z","type":"ERROR","url":"/api/auth/login"}
{"code":"AUTH_USER_NOT_FOUND","level":"error","message":"User not found","method":"POST","requestId":"83d9050e-04e5-4eb7-916e-dfd5b643f9e1","status":404,"time":"2026-04-21T09:58:30.997Z","type":"ERROR","url":"/api/auth/login"}
{"code":"VALIDATION_ERROR","level":"error","message":"Validation error","method":"PATCH","requestId":"8052fc6c-bcb2-4973-be2f-7875c88ee347","status":400,"time":"2026-04-21T13:01:57.142Z","type":"ERROR","url":"/api/user/password"}
{"code":"VALIDATION_ERROR","level":"error","message":"Validation error","method":"PATCH","requestId":"a6e7f070-91e0-40f2-aa07-b3e8ad96cded","status":400,"time":"2026-04-21T13:01:59.855Z","type":"ERROR","url":"/api/user/email"}
{"code":"VALIDATION_ERROR","level":"error","message":"Validation error","method":"PATCH","requestId":"f6a63d7e-4195-4aed-bcba-2de689115433","status":400,"time":"2026-04-21T13:02:01.650Z","type":"ERROR","url":"/api/user/email"}
{"code":"VALIDATION_ERROR","level":"error","message":"Validation error","method":"PATCH","requestId":"122b1f3e-4063-41cc-b277-bdb629e632cf","status":400,"time":"2026-04-21T13:02:01.858Z","type":"ERROR","url":"/api/user/email"}
{"code":"VALIDATION_ERROR","level":"error","message":"Validation error","method":"PATCH","requestId":"5b9b9849-3a4b-4d58-a2ab-a19052759c78","status":400,"time":"2026-04-21T13:02:02.041Z","type":"ERROR","url":"/api/user/email"}
{"code":"VALIDATION_ERROR","level":"error","message":"Validation error","method":"PATCH","requestId":"511ace7d-33d7-464f-aad1-39b4c590d2c3","status":400,"time":"2026-04-21T13:02:02.226Z","type":"ERROR","url":"/api/user/email"}
{"code":"VALIDATION_ERROR","level":"error","message":"Validation error","method":"PATCH","requestId":"94df351e-c2cd-4a7c-a698-21e6677a50f4","status":400,"time":"2026-04-21T13:02:02.402Z","type":"ERROR","url":"/api/user/email"}
{"code":"VALIDATION_ERROR","level":"error","message":"Validation error","method":"PATCH","requestId":"3ad6282b-bb27-479a-b4df-d3ad73351dbd","status":400,"time":"2026-04-21T13:02:02.586Z","type":"ERROR","url":"/api/user/email"}
{"code":"VALIDATION_ERROR","level":"error","message":"Validation error","method":"PATCH","requestId":"84122943-bcf2-4436-923d-46a1b5fff6d1","status":400,"time":"2026-04-21T13:02:02.818Z","type":"ERROR","url":"/api/user/email"}
{"code":"VALIDATION_ERROR","level":"error","message":"Validation error","method":"PATCH","requestId":"60f8400e-3503-4527-b270-d585ccf28df7","status":400,"time":"2026-04-21T13:03:13.453Z","type":"ERROR","url":"/api/user/password"}
{"code":"VALIDATION_ERROR","level":"error","message":"Validation error","method":"PATCH","requestId":"43a49f88-aaa9-4cc8-9a61-d06d55ef3390","status":400,"time":"2026-04-21T13:03:14.276Z","type":"ERROR","url":"/api/user/password"}
{"code":"VALIDATION_ERROR","level":"error","message":"Validation error","method":"PATCH","requestId":"9f3b7a35-85ce-4e25-9f3d-5dd24e0c0966","status":400,"time":"2026-04-21T13:03:14.579Z","type":"ERROR","url":"/api/user/password"}
{"code":"VALIDATION_ERROR","level":"error","message":"Validation error","method":"PATCH","requestId":"ed5e84f2-aa10-4b2d-a0f6-da669817fcce","status":400,"time":"2026-04-21T13:03:14.835Z","type":"ERROR","url":"/api/user/password"}
{"code":"VALIDATION_ERROR","level":"error","message":"Validation error","method":"PATCH","requestId":"59252ec1-2a50-44d3-95ab-db9c6fa5a577","status":400,"time":"2026-04-21T13:11:38.732Z","type":"ERROR","url":"/api/user/password"}
{"code":"VALIDATION_ERROR","level":"error","message":"Validation error","method":"PATCH","requestId":"bc4a763c-03a9-40de-b195-4a74dd4652dc","status":400,"time":"2026-04-21T13:14:39.266Z","type":"ERROR","url":"/api/user/password"}
{"code":"VALIDATION_ERROR","level":"error","message":"Validation error","method":"PATCH","requestId":"cf6fbee3-695c-4109-a43f-ab6436cb29eb","status":400,"time":"2026-04-21T13:14:49.347Z","type":"ERROR","url":"/api/user/email"}
{"code":"VALIDATION_ERROR","level":"error","message":"Validation error","method":"PATCH","requestId":"a491ef84-c96c-4716-951c-64087088012b","status":400,"time":"2026-04-21T13:15:35.446Z","type":"ERROR","url":"/api/user/password"}
{"code":"VALIDATION_ERROR","level":"error","message":"Validation error","method":"PATCH","requestId":"9c1c8b03-4a7e-4d2e-85c5-2514510f3d2a","status":400,"time":"2026-04-21T13:15:55.046Z","type":"ERROR","url":"/api/user/email"}
{"code":"VALIDATION_ERROR","level":"error","message":"Validation error","method":"PATCH","requestId":"025566db-ab65-4dd0-b12e-67df0a41c283","status":400,"time":"2026-04-21T13:16:01.379Z","type":"ERROR","url":"/api/user/email"}
{"code":"VALIDATION_ERROR","level":"error","message":"Validation error","method":"PATCH","requestId":"97840a0e-811d-4fb7-bd9a-34c099026e97","status":400,"time":"2026-04-21T13:16:03.616Z","type":"ERROR","url":"/api/user/email"}
{"code":"VALIDATION_ERROR","level":"error","message":"Validation error","method":"PATCH","requestId":"b6204326-9bd7-4c4e-bc5f-d8f4f0d85e7a","status":400,"time":"2026-04-21T13:16:06.920Z","type":"ERROR","url":"/api/user/email"}
{"code":"VALIDATION_ERROR","level":"error","message":"Validation error","method":"PATCH","requestId":"004ffd37-fdbc-43be-ba10-3da682b5ee44","status":400,"time":"2026-04-21T13:16:50.303Z","type":"ERROR","url":"/api/user/password"}
{"code":"VALIDATION_ERROR","level":"error","message":"Validation error","method":"PATCH","requestId":"57db44df-63b2-4e68-a676-744acac85bc2","status":400,"time":"2026-04-21T13:16:58.152Z","type":"ERROR","url":"/api/user/email"}
{"code":"VALIDATION_ERROR","level":"error","message":"Validation error","method":"PATCH","requestId":"3bc0c2b4-07cb-4bd1-8ff9-ad105f1b83a3","status":400,"time":"2026-04-21T13:18:43.682Z","type":"ERROR","url":"/api/user/password"}
{"code":"VALIDATION_ERROR","level":"error","message":"Validation error","method":"PATCH","requestId":"311452ab-688d-4a3d-bad3-30084e29c12e","status":400,"time":"2026-04-21T13:18:47.433Z","type":"ERROR","url":"/api/user/email"}
{"code":"VALIDATION_ERROR","level":"error","message":"Validation error","method":"POST","requestId":"b5e27285-5626-4734-9af9-e0675ebb9cb8","status":400,"time":"2026-04-21T13:20:18.459Z","type":"ERROR","url":"/api/auth/login"}
{"code":"VALIDATION_ERROR","level":"error","message":"Validation error","method":"POST","requestId":"9ce37649-550f-49ef-ad63-058abd78ad77","status":400,"time":"2026-04-21T13:20:23.360Z","type":"ERROR","url":"/api/auth/login"}
{"code":"VALIDATION_ERROR","level":"error","message":"Validation error","method":"PATCH","requestId":"76be6b13-1ee8-46e2-938b-a1f67fd15809","status":400,"time":"2026-04-21T13:49:11.692Z","type":"ERROR","url":"/api/user/password"}
{"code":"VALIDATION_ERROR","level":"error","message":"Validation error","method":"PATCH","requestId":"de2e0bcc-4eaa-4d0d-ba40-16a4cf7723be","status":400,"time":"2026-04-21T13:49:28.903Z","type":"ERROR","url":"/api/user/password"}
{"code":"VALIDATION_ERROR","level":"error","message":"Validation error","method":"PATCH","requestId":"c2d176c4-54d0-4e99-b70a-a93dd2d05ea9","status":400,"time":"2026-04-21T13:51:57.179Z","type":"ERROR","url":"/api/user/password"}
{"code":"VALIDATION_ERROR","level":"error","message":"Validation error","method":"PATCH","requestId":"8aad5d3f-9562-471f-9a63-66205999bc44","status":400,"time":"2026-04-21T13:55:27.661Z","type":"ERROR","url":"/api/user/password"}
{"code":"VALIDATION_ERROR","level":"error","message":"Validation error","method":"PATCH","requestId":"56290b0b-27e3-4a40-a7fd-cf4300105dc9","status":400,"time":"2026-04-21T13:55:31.243Z","type":"ERROR","url":"/api/user/email"}
{"code":"VALIDATION_ERROR","level":"error","message":"Validation error","method":"PATCH","requestId":"56a9f4d4-27ce-43d9-86d5-60505a43d316","status":400,"time":"2026-04-21T14:40:42.167Z","type":"ERROR","url":"/api/user/password"}
{"code":"VALIDATION_ERROR","level":"error","message":"Validation error","method":"PATCH","requestId":"13e62920-43fb-44f3-b0b0-99115bcaa5f6","status":400,"time":"2026-04-21T14:40:51.157Z","type":"ERROR","url":"/api/user/password"}
{"code":"AUTH_SESSION_EXPIRED","level":"error","message":"Session expired","method":"POST","requestId":"9777261e-cab7-46a2-aae0-bbca0a3be1db","status":401,"time":"2026-04-21T14:44:59.241Z","type":"ERROR","url":"/api/auth/refresh"}
{"code":"AUTH_SESSION_EXPIRED","level":"error","message":"Session expired","method":"GET","requestId":"eca1809d-ddae-4437-a964-8ecae0320333","status":401,"time":"2026-04-21T14:46:54.493Z","type":"ERROR","url":"/api/user/sessions"}
{"code":"AUTH_SESSION_EXPIRED","level":"error","message":"Session expired","method":"GET","requestId":"76fd4dfc-c619-4e4f-83e8-e79e683006c3","status":401,"time":"2026-04-21T14:47:00.308Z","type":"ERROR","url":"/api/user/sessions"}
{"code":"AUTH_INVALID_PASSWORD","level":"error","message":"Wrong password","method":"POST","requestId":"c2b43ec1-54c6-473e-a58d-40d6c241d46d","status":401,"time":"2026-04-21T16:26:17.588Z","type":"ERROR","url":"/api/auth/login"}
